<?xml version="1.0" encoding="UTF-8"?>
<!-- Generated by org.testng.reporters.JUnitXMLReporter -->
<testsuite hostname="HP-Nghtmr-W7" ignored="0" name="Default test" tests="1" failures="0" timestamp="16 may 2017 13:23:44 GMT" time="0.07" errors="0">
  <testcase name="@BeforeTest inicioClase" time="0.0" classname="com.upc.edu.test.seleniumwd.ProductoWebDriverTest">
    <failure type="org.testng.TestNGException" message="
Parameter &amp;apos;navegador&amp;apos; is required by BeforeTest on method inicioClase but has not been marked @Optional or defined
in W:\Users\HP-Nghtmr\AppData\Local\Temp\testng-eclipse--1934497856\testng-customsuite.xml">
      <![CDATA[org.testng.TestNGException: 
Parameter 'navegador' is required by BeforeTest on method inicioClase but has not been marked @Optional or defined
in W:\Users\HP-Nghtmr\AppData\Local\Temp\testng-eclipse--1934497856\testng-customsuite.xml
	at org.testng.internal.Parameters.createParameters(Parameters.java:199)
	at org.testng.internal.Parameters.createParameters(Parameters.java:443)
	at org.testng.internal.Parameters.createConfigurationParameters(Parameters.java:118)
	at org.testng.internal.Invoker.invokeConfigurations(Invoker.java:203)
	at org.testng.internal.Invoker.invokeConfigurations(Invoker.java:144)
	at org.testng.TestRunner.beforeRun(TestRunner.java:634)
	at org.testng.TestRunner.run(TestRunner.java:602)
	at org.testng.SuiteRunner.runTest(SuiteRunner.java:387)
	at org.testng.SuiteRunner.runSequentially(SuiteRunner.java:382)
	at org.testng.SuiteRunner.privateRun(SuiteRunner.java:340)
	at org.testng.SuiteRunner.run(SuiteRunner.java:289)
	at org.testng.SuiteRunnerWorker.runSuite(SuiteRunnerWorker.java:52)
	at org.testng.SuiteRunnerWorker.run(SuiteRunnerWorker.java:86)
	at org.testng.TestNG.runSuitesSequentially(TestNG.java:1293)
	at org.testng.TestNG.runSuitesLocally(TestNG.java:1218)
	at org.testng.TestNG.runSuites(TestNG.java:1133)
	at org.testng.TestNG.run(TestNG.java:1104)
	at org.testng.remote.AbstractRemoteTestNG.run(AbstractRemoteTestNG.java:132)
	at org.testng.remote.RemoteTestNG.initAndRun(RemoteTestNG.java:230)
	at org.testng.remote.RemoteTestNG.main(RemoteTestNG.java:76)
]]>
    </failure>
  </testcase> <!-- @BeforeTest inicioClase -->
  <testcase name="@AfterTest tearDown" time="0.0" classname="com.upc.edu.test.seleniumwd.ProductoWebDriverTest">
    <skipped/>
  </testcase> <!-- @AfterTest tearDown -->
  <testcase name="insertarCategoria" time="0.0" classname="com.upc.edu.test.seleniumwd.ProductoWebDriverTest">
    <skipped/>
  </testcase> <!-- insertarCategoria -->
</testsuite> <!-- Default test -->
