<?xml version="1.0" encoding="UTF-8"?>
<!-- Generated by org.testng.reporters.JUnitXMLReporter -->
<testsuite hostname="HP-Nghtmr-W7" ignored="0" name="ProductoWebDriverTest" tests="6" failures="0" timestamp="13 jun 2017 20:29:50 GMT" time="65.994" errors="0">
  <testcase name="insertarProducto" time="11.494" classname="com.upc.edu.test.seleniumwd.ProductoWebDriverTest"/>
  <testcase name="insertarProducto" time="9.158" classname="com.upc.edu.test.seleniumwd.ProductoWebDriverTest"/>
  <testcase name="insertarProducto" time="9.251" classname="com.upc.edu.test.seleniumwd.ProductoWebDriverTest"/>
  <testcase name="editarProducto" time="9.203" classname="com.upc.edu.test.seleniumwd.ProductoWebDriverTest"/>
  <testcase name="editarProducto" time="9.48" classname="com.upc.edu.test.seleniumwd.ProductoWebDriverTest"/>
  <testcase name="editarProducto" time="9.117" classname="com.upc.edu.test.seleniumwd.ProductoWebDriverTest"/>
</testsuite> <!-- ProductoWebDriverTest -->
