<?xml version="1.0" encoding="UTF-8"?>
<testng-results skipped="0" failed="0" ignored="0" total="6" passed="6">
  <reporter-output>
  </reporter-output>
  <suite name="CategoriaSuite" duration-ms="193" started-at="2017-04-27T15:26:23Z" finished-at="2017-04-27T15:26:23Z">
    <groups>
    </groups>
    <test name="CategoriaTest" duration-ms="193" started-at="2017-04-27T15:26:23Z" finished-at="2017-04-27T15:26:23Z">
      <class name="com.upc.edu.test.ProductoTest">
        <test-method status="PASS" signature="inicioMetodo()[pri:0, instance:com.upc.edu.test.ProductoTest@285f38f6]" name="inicioMetodo" is-config="true" duration-ms="31" started-at="2017-04-27T10:26:23Z" finished-at="2017-04-27T10:26:23Z">
          <reporter-output>
          </reporter-output>
        </test-method> <!-- inicioMetodo -->
        <test-method status="PASS" signature="inicioClase()[pri:0, instance:com.upc.edu.test.ProductoTest@285f38f6]" name="inicioClase" is-config="true" duration-ms="1" started-at="2017-04-27T10:26:23Z" finished-at="2017-04-27T10:26:23Z">
          <reporter-output>
          </reporter-output>
        </test-method> <!-- inicioClase -->
        <test-method status="PASS" signature="addProducto(java.lang.String, java.lang.String, int, double, boolean, boolean)[pri:0, instance:com.upc.edu.test.ProductoTest@285f38f6]" name="addProducto" duration-ms="36" started-at="2017-04-27T10:26:23Z" finished-at="2017-04-27T10:26:23Z">
          <params>
            <param index="0">
              <value>
                <![CDATA[Hype Battery]]>
              </value>
            </param>
            <param index="1">
              <value>
                <![CDATA[La mejor batería]]>
              </value>
            </param>
            <param index="2">
              <value>
                <![CDATA[2]]>
              </value>
            </param>
            <param index="3">
              <value>
                <![CDATA[5.35]]>
              </value>
            </param>
            <param index="4">
              <value>
                <![CDATA[true]]>
              </value>
            </param>
            <param index="5">
              <value>
                <![CDATA[false]]>
              </value>
            </param>
          </params>
          <reporter-output>
          </reporter-output>
        </test-method> <!-- addProducto -->
        <test-method status="PASS" signature="getProductos()[pri:0, instance:com.upc.edu.test.ProductoTest@285f38f6]" name="getProductos" duration-ms="4" started-at="2017-04-27T10:26:23Z" finished-at="2017-04-27T10:26:23Z">
          <reporter-output>
          </reporter-output>
        </test-method> <!-- getProductos -->
        <test-method status="PASS" signature="getProductosByInfo(java.lang.String)[pri:0, instance:com.upc.edu.test.ProductoTest@285f38f6]" name="getProductosByInfo" duration-ms="4" started-at="2017-04-27T10:26:23Z" finished-at="2017-04-27T10:26:23Z">
          <params>
            <param index="0">
              <value>
                <![CDATA[batería]]>
              </value>
            </param>
          </params>
          <reporter-output>
          </reporter-output>
        </test-method> <!-- getProductosByInfo -->
        <test-method status="PASS" signature="updateProducto(java.lang.String)[pri:0, instance:com.upc.edu.test.ProductoTest@285f38f6]" name="updateProducto" duration-ms="7" started-at="2017-04-27T10:26:23Z" depends-on-methods="com.upc.edu.test.ProductoTest.addProducto" finished-at="2017-04-27T10:26:23Z">
          <params>
            <param index="0">
              <value>
                <![CDATA[Hyper Battery]]>
              </value>
            </param>
          </params>
          <reporter-output>
          </reporter-output>
        </test-method> <!-- updateProducto -->
        <test-method status="PASS" signature="getProductoByCodigo()[pri:0, instance:com.upc.edu.test.ProductoTest@285f38f6]" name="getProductoByCodigo" duration-ms="10" started-at="2017-04-27T10:26:23Z" depends-on-methods="com.upc.edu.test.ProductoTest.updateProducto" finished-at="2017-04-27T10:26:23Z">
          <reporter-output>
          </reporter-output>
        </test-method> <!-- getProductoByCodigo -->
        <test-method status="PASS" signature="deleteProducto()[pri:0, instance:com.upc.edu.test.ProductoTest@285f38f6]" name="deleteProducto" duration-ms="22" started-at="2017-04-27T10:26:23Z" depends-on-methods="com.upc.edu.test.ProductoTest.getProductoByCodigo" finished-at="2017-04-27T10:26:23Z">
          <reporter-output>
          </reporter-output>
        </test-method> <!-- deleteProducto -->
        <test-method status="PASS" signature="finClase()[pri:0, instance:com.upc.edu.test.ProductoTest@285f38f6]" name="finClase" is-config="true" duration-ms="1" started-at="2017-04-27T10:26:23Z" finished-at="2017-04-27T10:26:23Z">
          <reporter-output>
          </reporter-output>
        </test-method> <!-- finClase -->
        <test-method status="PASS" signature="finMetodo()[pri:0, instance:com.upc.edu.test.ProductoTest@285f38f6]" name="finMetodo" is-config="true" duration-ms="2" started-at="2017-04-27T10:26:23Z" finished-at="2017-04-27T10:26:23Z">
          <reporter-output>
          </reporter-output>
        </test-method> <!-- finMetodo -->
      </class> <!-- com.upc.edu.test.ProductoTest -->
    </test> <!-- CategoriaTest -->
  </suite> <!-- CategoriaSuite -->
</testng-results>
