<?xml version="1.0" encoding="UTF-8"?>
<testng-results skipped="0" failed="0" ignored="0" total="3" passed="3">
  <reporter-output>
  </reporter-output>
  <suite name="ProductoSuite" duration-ms="38006" started-at="2017-06-13T19:38:26Z" finished-at="2017-06-13T19:39:04Z">
    <groups>
    </groups>
    <test name="ProductoWebDriverTest" duration-ms="38006" started-at="2017-06-13T19:38:26Z" finished-at="2017-06-13T19:39:04Z">
      <class name="com.upc.edu.test.seleniumwd.ProductoWebDriverTest">
        <test-method status="PASS" signature="inicioClase(java.lang.String, int)[pri:0, instance:com.upc.edu.test.seleniumwd.ProductoWebDriverTest@5c3bd550]" name="inicioClase" is-config="true" duration-ms="7632" started-at="2017-06-13T14:38:26Z" finished-at="2017-06-13T14:38:33Z">
          <params>
            <param index="0">
              <value>
                <![CDATA[firefox]]>
              </value>
            </param>
            <param index="1">
              <value>
                <![CDATA[0]]>
              </value>
            </param>
          </params>
          <reporter-output>
          </reporter-output>
        </test-method> <!-- inicioClase -->
        <test-method status="PASS" signature="insertarProducto(java.lang.String, java.lang.String, java.lang.String, java.lang.String, java.lang.String, java.lang.String, java.lang.String)[pri:0, instance:com.upc.edu.test.seleniumwd.ProductoWebDriverTest@5c3bd550]" name="insertarProducto" duration-ms="11683" started-at="2017-06-13T14:38:33Z" data-provider="datosEntrada" finished-at="2017-06-13T14:38:45Z">
          <params>
            <param index="0">
              <value>
                <![CDATA[USB]]>
              </value>
            </param>
            <param index="1">
              <value>
                <![CDATA[usb gratis]]>
              </value>
            </param>
            <param index="2">
              <value>
                <![CDATA[2]]>
              </value>
            </param>
            <param index="3">
              <value>
                <![CDATA[3]]>
              </value>
            </param>
            <param index="4">
              <value>
                <![CDATA[True]]>
              </value>
            </param>
            <param index="5">
              <value>
                <![CDATA[True]]>
              </value>
            </param>
            <param index="6">
              <value>
                <![CDATA[Se ha añadido el producto satisfactoriamente]]>
              </value>
            </param>
          </params>
          <reporter-output>
          </reporter-output>
        </test-method> <!-- insertarProducto -->
        <test-method status="PASS" signature="insertarProducto(java.lang.String, java.lang.String, java.lang.String, java.lang.String, java.lang.String, java.lang.String, java.lang.String)[pri:0, instance:com.upc.edu.test.seleniumwd.ProductoWebDriverTest@5c3bd550]" name="insertarProducto" duration-ms="9163" started-at="2017-06-13T14:38:45Z" data-provider="datosEntrada" finished-at="2017-06-13T14:38:54Z">
          <params>
            <param index="0">
              <value>
                <![CDATA[USB2]]>
              </value>
            </param>
            <param index="1">
              <value>
                <![CDATA[usb gratis2]]>
              </value>
            </param>
            <param index="2">
              <value>
                <![CDATA[3]]>
              </value>
            </param>
            <param index="3">
              <value>
                <![CDATA[3]]>
              </value>
            </param>
            <param index="4">
              <value>
                <![CDATA[False]]>
              </value>
            </param>
            <param index="5">
              <value>
                <![CDATA[True]]>
              </value>
            </param>
            <param index="6">
              <value>
                <![CDATA[Se ha añadido el producto satisfactoriamente]]>
              </value>
            </param>
          </params>
          <reporter-output>
          </reporter-output>
        </test-method> <!-- insertarProducto -->
        <test-method status="PASS" signature="insertarProducto(java.lang.String, java.lang.String, java.lang.String, java.lang.String, java.lang.String, java.lang.String, java.lang.String)[pri:0, instance:com.upc.edu.test.seleniumwd.ProductoWebDriverTest@5c3bd550]" name="insertarProducto" duration-ms="9197" started-at="2017-06-13T14:38:54Z" data-provider="datosEntrada" finished-at="2017-06-13T14:39:04Z">
          <params>
            <param index="0">
              <value>
                <![CDATA[USB3]]>
              </value>
            </param>
            <param index="1">
              <value>
                <![CDATA[usbgratis3]]>
              </value>
            </param>
            <param index="2">
              <value>
                <![CDATA[4]]>
              </value>
            </param>
            <param index="3">
              <value>
                <![CDATA[3.5]]>
              </value>
            </param>
            <param index="4">
              <value>
                <![CDATA[True]]>
              </value>
            </param>
            <param index="5">
              <value>
                <![CDATA[False]]>
              </value>
            </param>
            <param index="6">
              <value>
                <![CDATA[Se ha añadido el producto satisfactoriamente]]>
              </value>
            </param>
          </params>
          <reporter-output>
          </reporter-output>
        </test-method> <!-- insertarProducto -->
      </class> <!-- com.upc.edu.test.seleniumwd.ProductoWebDriverTest -->
    </test> <!-- ProductoWebDriverTest -->
  </suite> <!-- ProductoSuite -->
</testng-results>
