<?xml version="1.0" encoding="UTF-8"?>
<!-- Generated by org.testng.reporters.JUnitXMLReporter -->
<testsuite hostname="HP-Nghtmr-W7" ignored="0" name="CategoriaTest" tests="6" failures="0" timestamp="13 jun 2017 19:27:42 GMT" time="0.086" errors="0">
  <testcase name="addProducto" time="0.018" classname="com.upc.edu.test.ProductoTest"/>
  <testcase name="getProductos" time="0.002" classname="com.upc.edu.test.ProductoTest"/>
  <testcase name="getProductosByInfo" time="0.004" classname="com.upc.edu.test.ProductoTest"/>
  <testcase name="updateProducto" time="0.002" classname="com.upc.edu.test.ProductoTest"/>
  <testcase name="getProductoByCodigo" time="0.003" classname="com.upc.edu.test.ProductoTest"/>
  <testcase name="deleteProducto" time="0.002" classname="com.upc.edu.test.ProductoTest"/>
</testsuite> <!-- CategoriaTest -->
