<?xml version="1.0" encoding="UTF-8"?>
<!-- Generated by org.testng.reporters.JUnitXMLReporter -->
<testsuite hostname="HP-Nghtmr-W7" ignored="0" name="CategoriaTest" tests="6" failures="0" timestamp="27 abr 2017 15:26:24 GMT" time="0.193" errors="0">
  <testcase name="addProducto" time="0.036" classname="com.upc.edu.test.ProductoTest"/>
  <testcase name="getProductos" time="0.004" classname="com.upc.edu.test.ProductoTest"/>
  <testcase name="getProductosByInfo" time="0.004" classname="com.upc.edu.test.ProductoTest"/>
  <testcase name="updateProducto" time="0.007" classname="com.upc.edu.test.ProductoTest"/>
  <testcase name="getProductoByCodigo" time="0.01" classname="com.upc.edu.test.ProductoTest"/>
  <testcase name="deleteProducto" time="0.022" classname="com.upc.edu.test.ProductoTest"/>
</testsuite> <!-- CategoriaTest -->
